<?xml version="1.0" encoding="UTF-8"?>
<testng-results skipped="0" failed="1" ignored="0" total="1" passed="0">
  <reporter-output>
  </reporter-output>
  <suite name="Default suite" duration-ms="290" started-at="2020-10-06T19:14:51 IST" finished-at="2020-10-06T19:14:51 IST">
    <groups>
    </groups>
    <test name="Default test" duration-ms="290" started-at="2020-10-06T19:14:51 IST" finished-at="2020-10-06T19:14:51 IST">
      <class name="testcase.PepperFry">
        <test-method status="FAIL" signature="pepperFryTcs()[pri:0, instance:testcase.PepperFry@d41cee]" name="pepperFryTcs" duration-ms="96" started-at="2020-10-06T19:14:51 IST" finished-at="2020-10-06T19:14:51 IST">
          <exception class="java.lang.IllegalStateException">
            <message>
              <![CDATA[The driver executable must exist: C:\Selenium\Selenium\.\drivers\chromedriver.exe]]>
            </message>
            <full-stacktrace>
              <![CDATA[java.lang.IllegalStateException: The driver executable must exist: C:\Selenium\Selenium\.\drivers\chromedriver.exe
at org.openqa.selenium.internal.Require$FileStateChecker.isFile(Require.java:282)
at org.openqa.selenium.remote.service.DriverService.checkExecutable(DriverService.java:154)
at org.openqa.selenium.remote.service.DriverService.findExecutable(DriverService.java:149)
at org.openqa.selenium.chrome.ChromeDriverService.access$000(ChromeDriverService.java:37)
at org.openqa.selenium.chrome.ChromeDriverService$Builder.findDefaultExecutable(ChromeDriverService.java:222)
at org.openqa.selenium.remote.service.DriverService$Builder.build(DriverService.java:405)
at org.openqa.selenium.chrome.ChromeDriverService.createServiceWithConfig(ChromeDriverService.java:133)
at org.openqa.selenium.chrome.ChromeDriver.<init>(ChromeDriver.java:139)
at testcase.PepperFry.pepperFryTcs(PepperFry.java:28)
at sun.reflect.NativeMethodAccessorImpl.invoke0(Native Method)
at sun.reflect.NativeMethodAccessorImpl.invoke(NativeMethodAccessorImpl.java:62)
at sun.reflect.DelegatingMethodAccessorImpl.invoke(DelegatingMethodAccessorImpl.java:43)
at java.lang.reflect.Method.invoke(Method.java:483)
at org.testng.internal.MethodInvocationHelper.invokeMethod(MethodInvocationHelper.java:133)
at org.testng.internal.TestInvoker.invokeMethod(TestInvoker.java:584)
at org.testng.internal.TestInvoker.invokeTestMethod(TestInvoker.java:172)
at org.testng.internal.MethodRunner.runInSequence(MethodRunner.java:46)
at org.testng.internal.TestInvoker$MethodInvocationAgent.invoke(TestInvoker.java:804)
at org.testng.internal.TestInvoker.invokeTestMethods(TestInvoker.java:145)
at org.testng.internal.TestMethodWorker.invokeTestMethods(TestMethodWorker.java:146)
at org.testng.internal.TestMethodWorker.run(TestMethodWorker.java:128)
at org.testng.TestRunner$$Lambda$44/32274617.accept(Unknown Source)
at java.util.ArrayList.forEach(ArrayList.java:1234)
at org.testng.TestRunner.privateRun(TestRunner.java:770)
at org.testng.TestRunner.run(TestRunner.java:591)
at org.testng.SuiteRunner.runTest(SuiteRunner.java:402)
at org.testng.SuiteRunner.runSequentially(SuiteRunner.java:396)
at org.testng.SuiteRunner.privateRun(SuiteRunner.java:355)
at org.testng.SuiteRunner.run(SuiteRunner.java:304)
at org.testng.SuiteRunnerWorker.runSuite(SuiteRunnerWorker.java:53)
at org.testng.SuiteRunnerWorker.run(SuiteRunnerWorker.java:96)
at org.testng.TestNG.runSuitesSequentially(TestNG.java:1180)
at org.testng.TestNG.runSuitesLocally(TestNG.java:1102)
at org.testng.TestNG.runSuites(TestNG.java:1032)
at org.testng.TestNG.run(TestNG.java:1000)
at org.testng.remote.AbstractRemoteTestNG.run(AbstractRemoteTestNG.java:115)
at org.testng.remote.RemoteTestNG.initAndRun(RemoteTestNG.java:251)
at org.testng.remote.RemoteTestNG.main(RemoteTestNG.java:77)
]]>
            </full-stacktrace>
          </exception> <!-- java.lang.IllegalStateException -->
          <reporter-output>
          </reporter-output>
        </test-method> <!-- pepperFryTcs -->
      </class> <!-- testcase.PepperFry -->
    </test> <!-- Default test -->
  </suite> <!-- Default suite -->
</testng-results>
